{
  "stats": {
    "suites": 0,
    "tests": 1,
    "passes": 0,
    "pending": 0,
    "failures": 1,
    "start": "2023-06-20T17:55:28.540Z",
    "end": "2023-06-20T17:55:32.248Z",
    "duration": 3708,
    "testsRegistered": 1,
    "passPercent": 0,
    "pendingPercent": 0,
    "other": 0,
    "hasOther": false,
    "skipped": 0,
    "hasSkipped": false
  },
  "results": [
    {
      "uuid": "855edccb-f9f0-428f-bc5e-fbbf59cf15fe",
      "title": "",
      "fullFile": "cypress/e2e/authorizationViaApi.cy.js",
      "file": "cypress/e2e/authorizationViaApi.cy.js",
      "beforeHooks": [],
      "afterHooks": [],
      "tests": [
        {
          "title": "Authorization",
          "fullTitle": "Authorization",
          "timedOut": null,
          "duration": 913,
          "state": "failed",
          "speed": null,
          "pass": false,
          "fail": true,
          "pending": false,
          "context": null,
          "code": "_HomePage.default.visit();\n_HomePage.default.getLoginOrRegisterButton().click();\n_LoginPage.default.submitLoginForm();",
          "err": {
            "message": "CypressError: `cy.type()` can only accept a string or number. You passed in: `undefined`\n\nhttps://on.cypress.io/type",
            "estack": "CypressError: `cy.type()` can only accept a string or number. You passed in: `undefined`\n\nhttps://on.cypress.io/type\n    at Context.type (https://automationteststore.com/__cypress/runner/cypress_runner.js:143755:76)\n    at wrapped (https://automationteststore.com/__cypress/runner/cypress_runner.js:160613:19)\nFrom Your Spec Code:\n    at LoginPage.submitLoginForm (webpack:///./cypress/support/pages/LoginPage.js:22:29)\n    at Context.eval (webpack:///./cypress/e2e/authorizationViaApi.cy.js:8:12)",
            "diff": null
          },
          "uuid": "174d6339-d576-40b7-b45b-89f6af416010",
          "parentUUID": "855edccb-f9f0-428f-bc5e-fbbf59cf15fe",
          "isHook": false,
          "skipped": false
        }
      ],
      "suites": [],
      "passes": [],
      "failures": [
        "174d6339-d576-40b7-b45b-89f6af416010"
      ],
      "pending": [],
      "skipped": [],
      "duration": 913,
      "root": true,
      "rootEmpty": false,
      "_timeout": 2000
    }
  ],
  "meta": {
    "mocha": {
      "version": "7.0.1"
    },
    "mochawesome": {
      "options": {
        "quiet": false,
        "reportFilename": "mochawesome",
        "saveHtml": false,
        "saveJson": true,
        "consoleReporter": "spec",
        "useInlineDiffs": false,
        "code": true
      },
      "version": "7.1.3"
    },
    "marge": {
      "options": {
        "reportDir": "cypress/results",
        "overwrite": false,
        "html": false,
        "json": true
      },
      "version": "6.2.0"
    }
  }
}