{
  "stats": {
    "suites": 0,
    "tests": 1,
    "passes": 1,
    "pending": 0,
    "failures": 0,
    "start": "2023-06-20T18:17:44.026Z",
    "end": "2023-06-20T18:17:53.520Z",
    "duration": 9494,
    "testsRegistered": 1,
    "passPercent": 100,
    "pendingPercent": 0,
    "other": 0,
    "hasOther": false,
    "skipped": 0,
    "hasSkipped": false
  },
  "results": [
    {
      "uuid": "7e80efda-6348-4dfe-9384-a4608081d91e",
      "title": "",
      "fullFile": "cypress/e2e/order.cy.js",
      "file": "cypress/e2e/order.cy.js",
      "beforeHooks": [],
      "afterHooks": [],
      "tests": [
        {
          "title": "Order",
          "fullTitle": "Order",
          "timedOut": null,
          "duration": 9477,
          "state": "passed",
          "speed": "medium",
          "pass": true,
          "fail": false,
          "pending": false,
          "context": null,
          "code": "(0, _helper.login)(_user.default);\ncy.get('#filter_keyword').type('i').closest(\"form\").submit();\n//findNewProd('Gucci Guilty') //Benefit Bella Bamba\n(0, _helper.findProduct)('Benefit Bella Bamba'); //Benefit Bella Bamba\ncy.get('.productpagecart').click();\ncy.get('#cart_checkout1').click();\ncy.get('#checkout_btn').click();\ncy.get('.contentpanel').should('contain', \"Thank you for shopping with us!\");",
          "err": {},
          "uuid": "e7a98a12-f286-43a5-8bd2-1d36202bb7e6",
          "parentUUID": "7e80efda-6348-4dfe-9384-a4608081d91e",
          "isHook": false,
          "skipped": false
        }
      ],
      "suites": [],
      "passes": [
        "e7a98a12-f286-43a5-8bd2-1d36202bb7e6"
      ],
      "failures": [],
      "pending": [],
      "skipped": [],
      "duration": 9477,
      "root": true,
      "rootEmpty": false,
      "_timeout": 2000
    }
  ],
  "meta": {
    "mocha": {
      "version": "7.0.1"
    },
    "mochawesome": {
      "options": {
        "quiet": false,
        "reportFilename": "mochawesome",
        "saveHtml": false,
        "saveJson": true,
        "consoleReporter": "spec",
        "useInlineDiffs": false,
        "code": true
      },
      "version": "7.1.3"
    },
    "marge": {
      "options": {
        "reportDir": "cypress/results",
        "overwrite": false,
        "html": false,
        "json": true
      },
      "version": "6.2.0"
    }
  }
}